2025-06-26 00:00:01,858 INFO [long-pulling] client count 0

2025-06-26 00:00:05,698 INFO groupCount = 0, subscriberClientCount = 0, subscriberCount = 0

2025-06-26 00:00:07,163 INFO toNotifyTaskSize = 0

2025-06-26 00:00:07,165 INFO toClientNotifyTaskSize = 0

2025-06-26 00:00:11,873 INFO [long-pulling] client count 0

2025-06-26 00:00:15,703 INFO groupCount = 0, subscriberClientCount = 0, subscriberCount = 0

2025-06-26 00:00:17,165 INFO toNotifyTaskSize = 0

2025-06-26 00:00:17,221 INFO toClientNotifyTaskSize = 0

2025-06-26 00:00:21,876 INFO [long-pulling] client count 0

2025-06-26 00:00:25,730 INFO groupCount = 0, subscriberClientCount = 0, subscriberCount = 0

2025-06-26 00:00:27,290 INFO toNotifyTaskSize = 0

2025-06-26 00:00:27,292 INFO toClientNotifyTaskSize = 0

2025-06-26 00:00:31,878 INFO [long-pulling] client count 0

2025-06-26 00:00:35,755 INFO groupCount = 0, subscriberClientCount = 0, subscriberCount = 0

2025-06-26 00:00:37,294 INFO toNotifyTaskSize = 0

2025-06-26 00:00:37,323 INFO toClientNotifyTaskSize = 0

2025-06-26 00:00:41,911 INFO [long-pulling] client count 0

2025-06-26 00:00:45,844 INFO groupCount = 0, subscriberClientCount = 0, subscriberCount = 0

2025-06-26 00:00:47,339 INFO toNotifyTaskSize = 0

2025-06-26 00:00:47,351 INFO toClientNotifyTaskSize = 0

2025-06-26 00:00:51,927 INFO [long-pulling] client count 0

2025-06-26 00:00:55,866 INFO groupCount = 0, subscriberClientCount = 0, subscriberCount = 0

2025-06-26 00:00:57,361 INFO toNotifyTaskSize = 0

2025-06-26 00:00:57,371 INFO toClientNotifyTaskSize = 0

2025-06-26 00:01:01,959 INFO [long-pulling] client count 0

2025-06-26 00:01:05,868 INFO groupCount = 0, subscriberClientCount = 0, subscriberCount = 0

2025-06-26 00:01:07,383 INFO toNotifyTaskSize = 0

2025-06-26 00:01:07,408 INFO toClientNotifyTaskSize = 0

2025-06-26 00:01:12,031 INFO [long-pulling] client count 0

2025-06-26 00:01:15,913 INFO groupCount = 0, subscriberClientCount = 0, subscriberCount = 0

2025-06-26 00:01:17,422 INFO toNotifyTaskSize = 0

2025-06-26 00:01:17,496 INFO toClientNotifyTaskSize = 0

2025-06-26 00:01:22,086 INFO [long-pulling] client count 0

2025-06-26 00:01:25,987 INFO groupCount = 0, subscriberClientCount = 0, subscriberCount = 0

2025-06-26 00:01:27,618 INFO toNotifyTaskSize = 0

2025-06-26 00:01:27,619 INFO toClientNotifyTaskSize = 0

2025-06-26 00:01:32,095 INFO [long-pulling] client count 0

2025-06-26 00:01:35,988 INFO groupCount = 0, subscriberClientCount = 0, subscriberCount = 0

2025-06-26 00:01:37,622 INFO toNotifyTaskSize = 0

2025-06-26 00:01:37,625 INFO toClientNotifyTaskSize = 0

2025-06-26 00:01:42,096 INFO [long-pulling] client count 0

2025-06-26 00:01:45,988 INFO groupCount = 0, subscriberClientCount = 0, subscriberCount = 0

2025-06-26 00:01:47,626 INFO toNotifyTaskSize = 0

2025-06-26 00:01:47,628 INFO toClientNotifyTaskSize = 0

2025-06-26 00:01:52,097 INFO [long-pulling] client count 0

2025-06-26 00:01:56,200 INFO groupCount = 0, subscriberClientCount = 0, subscriberCount = 0

2025-06-26 00:01:57,631 INFO toNotifyTaskSize = 0

2025-06-26 00:01:57,633 INFO toClientNotifyTaskSize = 0

2025-06-26 00:02:02,099 INFO [long-pulling] client count 0

2025-06-26 00:02:06,202 INFO groupCount = 0, subscriberClientCount = 0, subscriberCount = 0

2025-06-26 00:02:07,635 INFO toNotifyTaskSize = 0

2025-06-26 00:02:07,638 INFO toClientNotifyTaskSize = 0

2025-06-26 00:02:12,098 INFO [long-pulling] client count 0

2025-06-26 00:02:16,203 INFO groupCount = 0, subscriberClientCount = 0, subscriberCount = 0

2025-06-26 00:02:17,638 INFO toNotifyTaskSize = 0

2025-06-26 00:02:17,639 INFO toClientNotifyTaskSize = 0

2025-06-26 00:02:22,101 INFO [long-pulling] client count 0

2025-06-26 00:02:26,205 INFO groupCount = 0, subscriberClientCount = 0, subscriberCount = 0

2025-06-26 00:02:27,642 INFO toNotifyTaskSize = 0

2025-06-26 00:02:27,644 INFO toClientNotifyTaskSize = 0

2025-06-26 00:02:32,103 INFO [long-pulling] client count 0

2025-06-26 00:02:36,208 INFO groupCount = 0, subscriberClientCount = 0, subscriberCount = 0

2025-06-26 00:02:37,646 INFO toNotifyTaskSize = 0

2025-06-26 00:02:37,647 INFO toClientNotifyTaskSize = 0

2025-06-26 00:02:42,104 INFO [long-pulling] client count 0

2025-06-26 00:02:46,208 INFO groupCount = 0, subscriberClientCount = 0, subscriberCount = 0

2025-06-26 00:02:47,647 INFO toNotifyTaskSize = 0

2025-06-26 00:02:47,649 INFO toClientNotifyTaskSize = 0

2025-06-26 00:02:52,105 INFO [long-pulling] client count 0

2025-06-26 00:02:56,211 INFO groupCount = 0, subscriberClientCount = 0, subscriberCount = 0

2025-06-26 00:02:57,650 INFO toNotifyTaskSize = 0

2025-06-26 00:02:57,652 INFO toClientNotifyTaskSize = 0

2025-06-26 00:03:02,107 INFO [long-pulling] client count 0

2025-06-26 00:03:06,213 INFO groupCount = 0, subscriberClientCount = 0, subscriberCount = 0

2025-06-26 00:03:07,655 INFO toNotifyTaskSize = 0

2025-06-26 00:03:07,657 INFO toClientNotifyTaskSize = 0

2025-06-26 00:03:12,107 INFO [long-pulling] client count 0

2025-06-26 00:03:16,213 INFO groupCount = 0, subscriberClientCount = 0, subscriberCount = 0

2025-06-26 00:03:17,657 INFO toNotifyTaskSize = 0

2025-06-26 00:03:17,659 INFO toClientNotifyTaskSize = 0

2025-06-26 00:03:22,108 INFO [long-pulling] client count 0

2025-06-26 00:03:26,216 INFO groupCount = 0, subscriberClientCount = 0, subscriberCount = 0

2025-06-26 00:03:27,662 INFO toNotifyTaskSize = 0

2025-06-26 00:03:27,663 INFO toClientNotifyTaskSize = 0

2025-06-26 00:03:32,110 INFO [long-pulling] client count 0

2025-06-26 00:03:36,218 INFO groupCount = 0, subscriberClientCount = 0, subscriberCount = 0

2025-06-26 00:03:37,666 INFO toNotifyTaskSize = 0

2025-06-26 00:03:37,668 INFO toClientNotifyTaskSize = 0

2025-06-26 00:03:42,107 INFO [long-pulling] client count 0

2025-06-26 00:03:46,216 INFO groupCount = 0, subscriberClientCount = 0, subscriberCount = 0

2025-06-26 00:03:47,664 INFO toNotifyTaskSize = 0

2025-06-26 00:03:47,667 INFO toClientNotifyTaskSize = 0

2025-06-26 00:03:52,108 INFO [long-pulling] client count 0

2025-06-26 00:03:56,219 INFO groupCount = 0, subscriberClientCount = 0, subscriberCount = 0

2025-06-26 00:03:57,670 INFO toNotifyTaskSize = 0

2025-06-26 00:03:57,672 INFO toClientNotifyTaskSize = 0

2025-06-26 00:04:02,110 INFO [long-pulling] client count 0

2025-06-26 00:04:06,224 INFO groupCount = 0, subscriberClientCount = 0, subscriberCount = 0

2025-06-26 00:04:07,674 INFO toNotifyTaskSize = 0

2025-06-26 00:04:07,677 INFO toClientNotifyTaskSize = 0

2025-06-26 00:04:12,112 INFO [long-pulling] client count 0

2025-06-26 00:04:16,227 INFO groupCount = 0, subscriberClientCount = 0, subscriberCount = 0

2025-06-26 00:04:17,680 INFO toNotifyTaskSize = 0

2025-06-26 00:04:17,684 INFO toClientNotifyTaskSize = 0

2025-06-26 00:04:22,114 INFO [long-pulling] client count 0

2025-06-26 00:04:26,329 INFO groupCount = 0, subscriberClientCount = 0, subscriberCount = 0

2025-06-26 00:04:27,687 INFO toNotifyTaskSize = 0

2025-06-26 00:04:27,689 INFO toClientNotifyTaskSize = 0

2025-06-26 00:04:32,116 INFO [long-pulling] client count 0

2025-06-26 00:04:36,332 INFO groupCount = 0, subscriberClientCount = 0, subscriberCount = 0

2025-06-26 00:04:37,692 INFO toNotifyTaskSize = 0

2025-06-26 00:04:37,694 INFO toClientNotifyTaskSize = 0

2025-06-26 00:04:42,116 INFO [long-pulling] client count 0

2025-06-26 00:04:46,333 INFO groupCount = 0, subscriberClientCount = 0, subscriberCount = 0

2025-06-26 00:04:47,696 INFO toNotifyTaskSize = 0

2025-06-26 00:04:47,700 INFO toClientNotifyTaskSize = 0

2025-06-26 00:04:52,118 INFO [long-pulling] client count 0

2025-06-26 00:04:56,336 INFO groupCount = 0, subscriberClientCount = 0, subscriberCount = 0

2025-06-26 00:04:57,703 INFO toNotifyTaskSize = 0

2025-06-26 00:04:57,705 INFO toClientNotifyTaskSize = 0

2025-06-26 00:05:02,120 INFO [long-pulling] client count 0

2025-06-26 00:05:06,338 INFO groupCount = 0, subscriberClientCount = 0, subscriberCount = 0

2025-06-26 00:05:07,707 INFO toNotifyTaskSize = 0

2025-06-26 00:05:07,708 INFO toClientNotifyTaskSize = 0

2025-06-26 00:05:12,118 INFO [long-pulling] client count 0

2025-06-26 00:05:16,339 INFO groupCount = 0, subscriberClientCount = 0, subscriberCount = 0

2025-06-26 00:05:17,707 INFO toNotifyTaskSize = 0

2025-06-26 00:05:17,709 INFO toClientNotifyTaskSize = 0

2025-06-26 00:05:22,120 INFO [long-pulling] client count 0

2025-06-26 00:05:26,342 INFO groupCount = 0, subscriberClientCount = 0, subscriberCount = 0

2025-06-26 00:05:27,711 INFO toNotifyTaskSize = 0

2025-06-26 00:05:27,712 INFO toClientNotifyTaskSize = 0

2025-06-26 00:05:32,121 INFO [long-pulling] client count 0

2025-06-26 00:05:36,343 INFO groupCount = 0, subscriberClientCount = 0, subscriberCount = 0

2025-06-26 00:05:37,714 INFO toNotifyTaskSize = 0

2025-06-26 00:05:37,715 INFO toClientNotifyTaskSize = 0

2025-06-26 00:05:42,116 INFO [long-pulling] client count 0

2025-06-26 00:05:46,341 INFO groupCount = 0, subscriberClientCount = 0, subscriberCount = 0

2025-06-26 00:05:47,711 INFO toNotifyTaskSize = 0

2025-06-26 00:05:47,713 INFO toClientNotifyTaskSize = 0

2025-06-26 00:05:52,118 INFO [long-pulling] client count 0

2025-06-26 00:05:56,344 INFO groupCount = 0, subscriberClientCount = 0, subscriberCount = 0

2025-06-26 00:05:57,714 INFO toNotifyTaskSize = 0

2025-06-26 00:05:57,717 INFO toClientNotifyTaskSize = 0

2025-06-26 00:06:02,119 INFO [long-pulling] client count 0

2025-06-26 00:06:06,348 INFO groupCount = 0, subscriberClientCount = 0, subscriberCount = 0

2025-06-26 00:06:07,719 INFO toNotifyTaskSize = 0

2025-06-26 00:06:07,722 INFO toClientNotifyTaskSize = 0

2025-06-26 00:06:12,121 INFO [long-pulling] client count 0

2025-06-26 00:06:16,350 INFO groupCount = 0, subscriberClientCount = 0, subscriberCount = 0

2025-06-26 00:06:17,725 INFO toNotifyTaskSize = 0

2025-06-26 00:06:17,727 INFO toClientNotifyTaskSize = 0

2025-06-26 00:06:22,123 INFO [long-pulling] client count 0

2025-06-26 00:06:26,353 INFO groupCount = 0, subscriberClientCount = 0, subscriberCount = 0

2025-06-26 00:06:27,730 INFO toNotifyTaskSize = 0

2025-06-26 00:06:27,732 INFO toClientNotifyTaskSize = 0

2025-06-26 00:06:32,124 INFO [long-pulling] client count 0

2025-06-26 00:06:36,356 INFO groupCount = 0, subscriberClientCount = 0, subscriberCount = 0

2025-06-26 00:06:37,734 INFO toNotifyTaskSize = 0

2025-06-26 00:06:37,736 INFO toClientNotifyTaskSize = 0

2025-06-26 00:06:42,123 INFO [long-pulling] client count 0

2025-06-26 00:06:46,356 INFO groupCount = 0, subscriberClientCount = 0, subscriberCount = 0

2025-06-26 00:06:47,735 INFO toNotifyTaskSize = 0

2025-06-26 00:06:47,737 INFO toClientNotifyTaskSize = 0

2025-06-26 00:06:52,124 INFO [long-pulling] client count 0

2025-06-26 00:06:56,357 INFO groupCount = 0, subscriberClientCount = 0, subscriberCount = 0

2025-06-26 00:06:57,740 INFO toNotifyTaskSize = 0

2025-06-26 00:06:57,742 INFO toClientNotifyTaskSize = 0

2025-06-26 00:07:02,126 INFO [long-pulling] client count 0

2025-06-26 00:07:06,359 INFO groupCount = 0, subscriberClientCount = 0, subscriberCount = 0

2025-06-26 00:07:07,745 INFO toNotifyTaskSize = 0

2025-06-26 00:07:07,748 INFO toClientNotifyTaskSize = 0

2025-06-26 00:07:12,126 INFO [long-pulling] client count 0

2025-06-26 00:07:16,360 INFO groupCount = 0, subscriberClientCount = 0, subscriberCount = 0

2025-06-26 00:07:17,748 INFO toNotifyTaskSize = 0

2025-06-26 00:07:17,750 INFO toClientNotifyTaskSize = 0

2025-06-26 00:07:22,128 INFO [long-pulling] client count 0

2025-06-26 00:07:26,362 INFO groupCount = 0, subscriberClientCount = 0, subscriberCount = 0

2025-06-26 00:07:27,752 INFO toNotifyTaskSize = 0

2025-06-26 00:07:27,754 INFO toClientNotifyTaskSize = 0

2025-06-26 00:07:32,130 INFO [long-pulling] client count 0

2025-06-26 00:07:36,365 INFO groupCount = 0, subscriberClientCount = 0, subscriberCount = 0

2025-06-26 00:07:37,756 INFO toNotifyTaskSize = 0

2025-06-26 00:07:37,758 INFO toClientNotifyTaskSize = 0

2025-06-26 00:07:42,127 INFO [long-pulling] client count 0

2025-06-26 00:07:46,363 INFO groupCount = 0, subscriberClientCount = 0, subscriberCount = 0

2025-06-26 00:07:47,756 INFO toNotifyTaskSize = 0

2025-06-26 00:07:47,761 INFO toClientNotifyTaskSize = 0

2025-06-26 00:07:52,128 INFO [long-pulling] client count 0

2025-06-26 00:07:56,367 INFO groupCount = 0, subscriberClientCount = 0, subscriberCount = 0

2025-06-26 00:07:57,767 INFO toNotifyTaskSize = 0

2025-06-26 00:07:57,769 INFO toClientNotifyTaskSize = 0

2025-06-26 00:08:02,134 INFO [long-pulling] client count 0

2025-06-26 00:08:06,381 INFO groupCount = 0, subscriberClientCount = 0, subscriberCount = 0

2025-06-26 00:08:07,770 INFO toNotifyTaskSize = 0

2025-06-26 00:08:07,772 INFO toClientNotifyTaskSize = 0

2025-06-26 00:08:12,143 INFO [long-pulling] client count 0

2025-06-26 00:08:16,384 INFO groupCount = 0, subscriberClientCount = 0, subscriberCount = 0

2025-06-26 00:08:17,774 INFO toNotifyTaskSize = 0

2025-06-26 00:08:17,776 INFO toClientNotifyTaskSize = 0

2025-06-26 00:08:22,145 INFO [long-pulling] client count 0

2025-06-26 00:08:26,385 INFO groupCount = 0, subscriberClientCount = 0, subscriberCount = 0

2025-06-26 00:08:27,778 INFO toNotifyTaskSize = 0

2025-06-26 00:08:27,780 INFO toClientNotifyTaskSize = 0

2025-06-26 00:08:32,147 INFO [long-pulling] client count 0

2025-06-26 00:08:36,391 INFO groupCount = 0, subscriberClientCount = 0, subscriberCount = 0

2025-06-26 00:08:37,782 INFO toNotifyTaskSize = 0

2025-06-26 00:08:37,784 INFO toClientNotifyTaskSize = 0

2025-06-26 00:08:42,147 INFO [long-pulling] client count 0

2025-06-26 00:08:46,392 INFO groupCount = 0, subscriberClientCount = 0, subscriberCount = 0

2025-06-26 00:08:47,784 INFO toNotifyTaskSize = 0

2025-06-26 00:08:47,786 INFO toClientNotifyTaskSize = 0

2025-06-26 00:08:52,149 INFO [long-pulling] client count 0

2025-06-26 00:08:56,394 INFO groupCount = 0, subscriberClientCount = 0, subscriberCount = 0

2025-06-26 00:08:57,788 INFO toNotifyTaskSize = 0

2025-06-26 00:08:57,789 INFO toClientNotifyTaskSize = 0

2025-06-26 00:09:02,150 INFO [long-pulling] client count 0

2025-06-26 00:09:06,397 INFO groupCount = 0, subscriberClientCount = 0, subscriberCount = 0

2025-06-26 00:09:07,791 INFO toNotifyTaskSize = 0

2025-06-26 00:09:07,793 INFO toClientNotifyTaskSize = 0

2025-06-26 00:09:12,150 INFO [long-pulling] client count 0

2025-06-26 00:09:16,398 INFO groupCount = 0, subscriberClientCount = 0, subscriberCount = 0

2025-06-26 00:09:17,794 INFO toNotifyTaskSize = 0

2025-06-26 00:09:17,795 INFO toClientNotifyTaskSize = 0

2025-06-26 00:09:22,152 INFO [long-pulling] client count 0

2025-06-26 00:09:26,399 INFO groupCount = 0, subscriberClientCount = 0, subscriberCount = 0

2025-06-26 00:09:27,797 INFO toNotifyTaskSize = 0

2025-06-26 00:09:27,799 INFO toClientNotifyTaskSize = 0

2025-06-26 00:09:32,154 INFO [long-pulling] client count 0

2025-06-26 00:09:36,402 INFO groupCount = 0, subscriberClientCount = 0, subscriberCount = 0

2025-06-26 00:09:37,801 INFO toNotifyTaskSize = 0

2025-06-26 00:09:37,803 INFO toClientNotifyTaskSize = 0

2025-06-26 00:09:42,152 INFO [long-pulling] client count 0

2025-06-26 00:09:46,402 INFO groupCount = 0, subscriberClientCount = 0, subscriberCount = 0

2025-06-26 00:09:47,803 INFO toNotifyTaskSize = 0

2025-06-26 00:09:47,805 INFO toClientNotifyTaskSize = 0

2025-06-26 00:09:52,153 INFO [long-pulling] client count 0

2025-06-26 00:09:56,404 INFO groupCount = 0, subscriberClientCount = 0, subscriberCount = 0

2025-06-26 00:09:57,807 INFO toNotifyTaskSize = 0

2025-06-26 00:09:57,809 INFO toClientNotifyTaskSize = 0

2025-06-26 00:10:02,155 INFO [long-pulling] client count 0

2025-06-26 00:10:06,406 INFO groupCount = 0, subscriberClientCount = 0, subscriberCount = 0

2025-06-26 00:10:07,811 INFO toNotifyTaskSize = 0

2025-06-26 00:10:07,812 INFO toClientNotifyTaskSize = 0

2025-06-26 00:10:12,155 INFO [long-pulling] client count 0

2025-06-26 00:10:16,408 INFO groupCount = 0, subscriberClientCount = 0, subscriberCount = 0

2025-06-26 00:10:17,811 INFO toNotifyTaskSize = 0

2025-06-26 00:10:17,814 INFO toClientNotifyTaskSize = 0

2025-06-26 00:10:22,157 INFO [long-pulling] client count 0

2025-06-26 00:10:26,410 INFO groupCount = 0, subscriberClientCount = 0, subscriberCount = 0

2025-06-26 00:10:27,816 INFO toNotifyTaskSize = 0

2025-06-26 00:10:27,819 INFO toClientNotifyTaskSize = 0

2025-06-26 00:10:32,159 INFO [long-pulling] client count 0

2025-06-26 00:10:36,413 INFO groupCount = 0, subscriberClientCount = 0, subscriberCount = 0

2025-06-26 00:10:37,821 INFO toNotifyTaskSize = 0

2025-06-26 00:10:37,824 INFO toClientNotifyTaskSize = 0

2025-06-26 00:10:42,159 INFO [long-pulling] client count 0

2025-06-26 00:10:46,412 INFO groupCount = 0, subscriberClientCount = 0, subscriberCount = 0

2025-06-26 00:10:47,824 INFO toNotifyTaskSize = 0

2025-06-26 00:10:47,825 INFO toClientNotifyTaskSize = 0

2025-06-26 00:10:52,161 INFO [long-pulling] client count 0

2025-06-26 00:10:56,419 INFO groupCount = 0, subscriberClientCount = 0, subscriberCount = 0

2025-06-26 00:10:57,828 INFO toNotifyTaskSize = 0

2025-06-26 00:10:57,830 INFO toClientNotifyTaskSize = 0

2025-06-26 00:11:02,162 INFO [long-pulling] client count 0

2025-06-26 00:11:06,422 INFO groupCount = 0, subscriberClientCount = 0, subscriberCount = 0

2025-06-26 00:11:07,832 INFO toNotifyTaskSize = 0

2025-06-26 00:11:07,834 INFO toClientNotifyTaskSize = 0

2025-06-26 00:11:12,162 INFO [long-pulling] client count 0

2025-06-26 00:11:16,422 INFO groupCount = 0, subscriberClientCount = 0, subscriberCount = 0

2025-06-26 00:11:17,834 INFO toNotifyTaskSize = 0

2025-06-26 00:11:17,836 INFO toClientNotifyTaskSize = 0

2025-06-26 00:11:22,164 INFO [long-pulling] client count 0

2025-06-26 00:11:26,424 INFO groupCount = 0, subscriberClientCount = 0, subscriberCount = 0

2025-06-26 00:11:27,839 INFO toNotifyTaskSize = 0

2025-06-26 00:11:27,841 INFO toClientNotifyTaskSize = 0

2025-06-26 00:11:32,166 INFO [long-pulling] client count 0

2025-06-26 00:11:36,427 INFO groupCount = 0, subscriberClientCount = 0, subscriberCount = 0

2025-06-26 00:11:37,843 INFO toNotifyTaskSize = 0

2025-06-26 00:11:37,850 INFO toClientNotifyTaskSize = 0

2025-06-26 00:11:42,166 INFO [long-pulling] client count 0

2025-06-26 00:11:46,427 INFO groupCount = 0, subscriberClientCount = 0, subscriberCount = 0

2025-06-26 00:11:47,850 INFO toNotifyTaskSize = 0

2025-06-26 00:11:47,852 INFO toClientNotifyTaskSize = 0

2025-06-26 00:11:52,168 INFO [long-pulling] client count 0

2025-06-26 00:11:56,428 INFO groupCount = 0, subscriberClientCount = 0, subscriberCount = 0

2025-06-26 00:11:57,855 INFO toNotifyTaskSize = 0

2025-06-26 00:11:57,857 INFO toClientNotifyTaskSize = 0

2025-06-26 00:12:02,170 INFO [long-pulling] client count 0

2025-06-26 00:12:06,431 INFO groupCount = 0, subscriberClientCount = 0, subscriberCount = 0

2025-06-26 00:12:07,859 INFO toNotifyTaskSize = 0

2025-06-26 00:12:07,860 INFO toClientNotifyTaskSize = 0

2025-06-26 00:12:12,169 INFO [long-pulling] client count 0

2025-06-26 00:12:16,431 INFO groupCount = 0, subscriberClientCount = 0, subscriberCount = 0

2025-06-26 00:12:17,860 INFO toNotifyTaskSize = 0

2025-06-26 00:12:17,862 INFO toClientNotifyTaskSize = 0

2025-06-26 00:12:22,171 INFO [long-pulling] client count 0

2025-06-26 00:12:26,434 INFO groupCount = 0, subscriberClientCount = 0, subscriberCount = 0

2025-06-26 00:12:27,865 INFO toNotifyTaskSize = 0

2025-06-26 00:12:27,867 INFO toClientNotifyTaskSize = 0

2025-06-26 00:12:32,173 INFO [long-pulling] client count 0

2025-06-26 00:12:36,438 INFO groupCount = 0, subscriberClientCount = 0, subscriberCount = 0

2025-06-26 00:12:37,869 INFO toNotifyTaskSize = 0

2025-06-26 00:12:37,872 INFO toClientNotifyTaskSize = 0

2025-06-26 00:12:42,172 INFO [long-pulling] client count 0

2025-06-26 00:12:46,439 INFO groupCount = 0, subscriberClientCount = 0, subscriberCount = 0

2025-06-26 00:12:47,872 INFO toNotifyTaskSize = 0

2025-06-26 00:12:47,874 INFO toClientNotifyTaskSize = 0

2025-06-26 00:12:52,174 INFO [long-pulling] client count 0

2025-06-26 00:12:56,441 INFO groupCount = 0, subscriberClientCount = 0, subscriberCount = 0

2025-06-26 00:12:57,876 INFO toNotifyTaskSize = 0

2025-06-26 00:12:57,879 INFO toClientNotifyTaskSize = 0

2025-06-26 00:13:02,176 INFO [long-pulling] client count 0

2025-06-26 00:13:06,444 INFO groupCount = 0, subscriberClientCount = 0, subscriberCount = 0

2025-06-26 00:13:07,881 INFO toNotifyTaskSize = 0

2025-06-26 00:13:07,883 INFO toClientNotifyTaskSize = 0

2025-06-26 00:13:12,176 INFO [long-pulling] client count 0

2025-06-26 00:13:16,444 INFO groupCount = 0, subscriberClientCount = 0, subscriberCount = 0

2025-06-26 00:13:17,883 INFO toNotifyTaskSize = 0

2025-06-26 00:13:17,885 INFO toClientNotifyTaskSize = 0

2025-06-26 00:13:22,178 INFO [long-pulling] client count 0

2025-06-26 00:13:26,447 INFO groupCount = 0, subscriberClientCount = 0, subscriberCount = 0

2025-06-26 00:13:27,887 INFO toNotifyTaskSize = 0

2025-06-26 00:13:27,889 INFO toClientNotifyTaskSize = 0

2025-06-26 00:13:32,180 INFO [long-pulling] client count 0

2025-06-26 00:13:36,449 INFO groupCount = 0, subscriberClientCount = 0, subscriberCount = 0

2025-06-26 00:13:37,891 INFO toNotifyTaskSize = 0

2025-06-26 00:13:37,892 INFO toClientNotifyTaskSize = 0

2025-06-26 00:13:42,180 INFO [long-pulling] client count 0

2025-06-26 00:13:46,448 INFO groupCount = 0, subscriberClientCount = 0, subscriberCount = 0

2025-06-26 00:13:47,891 INFO toNotifyTaskSize = 0

2025-06-26 00:13:47,893 INFO toClientNotifyTaskSize = 0

2025-06-26 00:13:52,183 INFO [long-pulling] client count 0

2025-06-26 00:13:56,450 INFO groupCount = 0, subscriberClientCount = 0, subscriberCount = 0

2025-06-26 00:13:57,894 INFO toNotifyTaskSize = 0

2025-06-26 00:13:57,896 INFO toClientNotifyTaskSize = 0

2025-06-26 00:14:02,185 INFO [long-pulling] client count 0

2025-06-26 00:14:06,452 INFO groupCount = 0, subscriberClientCount = 0, subscriberCount = 0

2025-06-26 00:14:07,898 INFO toNotifyTaskSize = 0

2025-06-26 00:14:07,900 INFO toClientNotifyTaskSize = 0

2025-06-26 00:14:12,185 INFO [long-pulling] client count 0

2025-06-26 00:14:16,452 INFO groupCount = 0, subscriberClientCount = 0, subscriberCount = 0

2025-06-26 00:14:17,901 INFO toNotifyTaskSize = 0

2025-06-26 00:14:17,905 INFO toClientNotifyTaskSize = 0

2025-06-26 00:14:22,187 INFO [long-pulling] client count 0

2025-06-26 00:14:26,454 INFO groupCount = 0, subscriberClientCount = 0, subscriberCount = 0

2025-06-26 00:14:27,912 INFO toNotifyTaskSize = 0

2025-06-26 00:14:27,915 INFO toClientNotifyTaskSize = 0

2025-06-26 00:14:32,188 INFO [long-pulling] client count 0

2025-06-26 00:14:36,457 INFO groupCount = 0, subscriberClientCount = 0, subscriberCount = 0

2025-06-26 00:14:37,917 INFO toNotifyTaskSize = 0

2025-06-26 00:14:37,919 INFO toClientNotifyTaskSize = 0

2025-06-26 00:14:42,188 INFO [long-pulling] client count 0

2025-06-26 00:14:46,459 INFO groupCount = 0, subscriberClientCount = 0, subscriberCount = 0

2025-06-26 00:14:47,919 INFO toNotifyTaskSize = 0

2025-06-26 00:14:47,921 INFO toClientNotifyTaskSize = 0

2025-06-26 00:14:52,190 INFO [long-pulling] client count 0

2025-06-26 00:14:56,461 INFO groupCount = 0, subscriberClientCount = 0, subscriberCount = 0

2025-06-26 00:14:57,924 INFO toNotifyTaskSize = 0

2025-06-26 00:14:57,926 INFO toClientNotifyTaskSize = 0

2025-06-26 00:15:02,193 INFO [long-pulling] client count 0

2025-06-26 00:15:06,463 INFO groupCount = 0, subscriberClientCount = 0, subscriberCount = 0

2025-06-26 00:15:07,929 INFO toNotifyTaskSize = 0

2025-06-26 00:15:07,931 INFO toClientNotifyTaskSize = 0

2025-06-26 00:15:12,192 INFO [long-pulling] client count 0

2025-06-26 00:15:16,464 INFO groupCount = 0, subscriberClientCount = 0, subscriberCount = 0

2025-06-26 00:15:17,931 INFO toNotifyTaskSize = 0

2025-06-26 00:15:17,932 INFO toClientNotifyTaskSize = 0

2025-06-26 00:15:22,195 INFO [long-pulling] client count 0

2025-06-26 00:15:26,465 INFO groupCount = 0, subscriberClientCount = 0, subscriberCount = 0

2025-06-26 00:15:27,934 INFO toNotifyTaskSize = 0

2025-06-26 00:15:27,936 INFO toClientNotifyTaskSize = 0

2025-06-26 00:15:32,198 INFO [long-pulling] client count 0

2025-06-26 00:15:36,467 INFO groupCount = 0, subscriberClientCount = 0, subscriberCount = 0

2025-06-26 00:15:37,938 INFO toNotifyTaskSize = 0

2025-06-26 00:15:37,939 INFO toClientNotifyTaskSize = 0

2025-06-26 00:15:42,198 INFO [long-pulling] client count 0

2025-06-26 00:15:46,467 INFO groupCount = 0, subscriberClientCount = 0, subscriberCount = 0

2025-06-26 00:15:47,937 INFO toNotifyTaskSize = 0

2025-06-26 00:15:47,938 INFO toClientNotifyTaskSize = 0

2025-06-26 00:15:52,200 INFO [long-pulling] client count 0

2025-06-26 00:15:56,468 INFO groupCount = 0, subscriberClientCount = 0, subscriberCount = 0

2025-06-26 00:15:57,939 INFO toNotifyTaskSize = 0

2025-06-26 00:15:57,941 INFO toClientNotifyTaskSize = 0

2025-06-26 00:16:02,201 INFO [long-pulling] client count 0

2025-06-26 00:16:06,470 INFO groupCount = 0, subscriberClientCount = 0, subscriberCount = 0

2025-06-26 00:16:07,944 INFO toNotifyTaskSize = 0

2025-06-26 00:16:07,944 INFO toClientNotifyTaskSize = 0

2025-06-26 00:16:12,201 INFO [long-pulling] client count 0

2025-06-26 00:16:16,471 INFO groupCount = 0, subscriberClientCount = 0, subscriberCount = 0

2025-06-26 00:16:17,943 INFO toNotifyTaskSize = 0

2025-06-26 00:16:17,948 INFO toClientNotifyTaskSize = 0

2025-06-26 00:16:22,204 INFO [long-pulling] client count 0

2025-06-26 00:16:26,473 INFO groupCount = 0, subscriberClientCount = 0, subscriberCount = 0

2025-06-26 00:16:27,949 INFO toNotifyTaskSize = 0

2025-06-26 00:16:30,072 INFO toClientNotifyTaskSize = 0

2025-06-26 00:16:32,206 INFO [long-pulling] client count 0

2025-06-26 00:20:25,743 INFO groupCount = 0, subscriberClientCount = 0, subscriberCount = 0

2025-06-26 00:20:29,391 INFO toNotifyTaskSize = 0

2025-06-26 00:20:29,392 INFO toClientNotifyTaskSize = 0

2025-06-26 00:20:31,474 INFO [long-pulling] client count 0

2025-06-26 00:20:35,742 INFO groupCount = 0, subscriberClientCount = 0, subscriberCount = 0

2025-06-26 00:20:39,392 INFO toNotifyTaskSize = 0

2025-06-26 00:20:39,395 INFO toClientNotifyTaskSize = 0

2025-06-26 00:20:41,476 INFO [long-pulling] client count 0

2025-06-26 00:20:45,744 INFO groupCount = 0, subscriberClientCount = 0, subscriberCount = 0

2025-06-26 00:20:49,396 INFO toNotifyTaskSize = 0

2025-06-26 00:20:49,398 INFO toClientNotifyTaskSize = 0

2025-06-26 00:20:51,480 INFO [long-pulling] client count 0

2025-06-26 00:20:55,745 INFO groupCount = 0, subscriberClientCount = 0, subscriberCount = 0

2025-06-26 00:20:59,400 INFO toNotifyTaskSize = 0

2025-06-26 00:20:59,402 INFO toClientNotifyTaskSize = 0

2025-06-26 00:21:01,480 INFO [long-pulling] client count 0

2025-06-26 00:21:05,745 INFO groupCount = 0, subscriberClientCount = 0, subscriberCount = 0

2025-06-26 00:21:09,402 INFO toNotifyTaskSize = 0

2025-06-26 00:21:09,405 INFO toClientNotifyTaskSize = 0

2025-06-26 00:21:11,482 INFO [long-pulling] client count 0

2025-06-26 00:21:15,747 INFO groupCount = 0, subscriberClientCount = 0, subscriberCount = 0

2025-06-26 00:21:19,406 INFO toNotifyTaskSize = 0

2025-06-26 00:21:19,408 INFO toClientNotifyTaskSize = 0

2025-06-26 00:21:21,485 INFO [long-pulling] client count 0

2025-06-26 00:21:25,748 INFO groupCount = 0, subscriberClientCount = 0, subscriberCount = 0

2025-06-26 00:21:29,409 INFO toNotifyTaskSize = 0

2025-06-26 00:21:29,410 INFO toClientNotifyTaskSize = 0

2025-06-26 00:21:31,484 INFO [long-pulling] client count 0

2025-06-26 00:21:35,747 INFO groupCount = 0, subscriberClientCount = 0, subscriberCount = 0

2025-06-26 00:21:39,410 INFO toNotifyTaskSize = 0

2025-06-26 00:21:39,411 INFO toClientNotifyTaskSize = 0

2025-06-26 00:21:41,485 INFO [long-pulling] client count 0

2025-06-26 00:21:45,748 INFO groupCount = 0, subscriberClientCount = 0, subscriberCount = 0

2025-06-26 00:21:49,413 INFO toNotifyTaskSize = 0

2025-06-26 00:21:49,418 INFO toClientNotifyTaskSize = 0

2025-06-26 00:21:51,487 INFO [long-pulling] client count 0

2025-06-26 00:21:55,751 INFO groupCount = 0, subscriberClientCount = 0, subscriberCount = 0

2025-06-26 00:21:59,419 INFO toNotifyTaskSize = 0

2025-06-26 00:21:59,420 INFO toClientNotifyTaskSize = 0

2025-06-26 00:22:01,487 INFO [long-pulling] client count 0

2025-06-26 00:22:05,750 INFO groupCount = 0, subscriberClientCount = 0, subscriberCount = 0

2025-06-26 00:22:09,418 INFO toNotifyTaskSize = 0

2025-06-26 00:22:09,420 INFO toClientNotifyTaskSize = 0

2025-06-26 00:22:11,499 INFO [long-pulling] client count 0

2025-06-26 00:22:15,753 INFO groupCount = 0, subscriberClientCount = 0, subscriberCount = 0

2025-06-26 00:22:19,422 INFO toNotifyTaskSize = 0

2025-06-26 00:22:19,422 INFO toClientNotifyTaskSize = 0

2025-06-26 00:22:21,501 INFO [long-pulling] client count 0

2025-06-26 00:22:25,755 INFO groupCount = 0, subscriberClientCount = 0, subscriberCount = 0

2025-06-26 00:22:29,424 INFO toNotifyTaskSize = 0

2025-06-26 00:22:29,424 INFO toClientNotifyTaskSize = 0

2025-06-26 00:22:31,505 INFO [long-pulling] client count 0

2025-06-26 00:22:35,754 INFO groupCount = 0, subscriberClientCount = 0, subscriberCount = 0

2025-06-26 00:22:39,424 INFO toNotifyTaskSize = 0

2025-06-26 00:22:39,425 INFO toClientNotifyTaskSize = 0

2025-06-26 00:22:41,507 INFO [long-pulling] client count 0

2025-06-26 00:22:45,756 INFO groupCount = 0, subscriberClientCount = 0, subscriberCount = 0

2025-06-26 00:22:49,426 INFO toNotifyTaskSize = 0

2025-06-26 00:22:49,427 INFO toClientNotifyTaskSize = 0

2025-06-26 00:22:51,510 INFO [long-pulling] client count 0

2025-06-26 00:22:55,758 INFO groupCount = 0, subscriberClientCount = 0, subscriberCount = 0

2025-06-26 00:22:59,429 INFO toNotifyTaskSize = 0

2025-06-26 00:22:59,433 INFO toClientNotifyTaskSize = 0

2025-06-26 00:23:01,509 INFO [long-pulling] client count 0

2025-06-26 00:23:05,758 INFO groupCount = 0, subscriberClientCount = 0, subscriberCount = 0

2025-06-26 00:23:09,433 INFO toNotifyTaskSize = 0

2025-06-26 00:23:09,435 INFO toClientNotifyTaskSize = 0

2025-06-26 00:23:11,511 INFO [long-pulling] client count 0

2025-06-26 00:23:15,759 INFO groupCount = 0, subscriberClientCount = 0, subscriberCount = 0

2025-06-26 00:23:19,436 INFO toNotifyTaskSize = 0

2025-06-26 00:23:19,437 INFO toClientNotifyTaskSize = 0

2025-06-26 00:23:21,514 INFO [long-pulling] client count 0

2025-06-26 00:23:25,762 INFO groupCount = 0, subscriberClientCount = 0, subscriberCount = 0

2025-06-26 00:23:29,438 INFO toNotifyTaskSize = 0

2025-06-26 00:23:29,440 INFO toClientNotifyTaskSize = 0

2025-06-26 00:23:31,513 INFO [long-pulling] client count 0

2025-06-26 00:23:35,761 INFO groupCount = 0, subscriberClientCount = 0, subscriberCount = 0

2025-06-26 00:23:39,438 INFO toNotifyTaskSize = 0

2025-06-26 00:23:39,443 INFO toClientNotifyTaskSize = 0

2025-06-26 00:23:41,514 INFO [long-pulling] client count 0

2025-06-26 00:23:45,762 INFO groupCount = 0, subscriberClientCount = 0, subscriberCount = 0

2025-06-26 00:23:49,445 INFO toNotifyTaskSize = 0

2025-06-26 00:23:49,447 INFO toClientNotifyTaskSize = 0

2025-06-26 00:23:51,516 INFO [long-pulling] client count 0

2025-06-26 00:23:55,764 INFO groupCount = 0, subscriberClientCount = 0, subscriberCount = 0

2025-06-26 00:23:59,450 INFO toNotifyTaskSize = 0

2025-06-26 00:23:59,452 INFO toClientNotifyTaskSize = 0

2025-06-26 00:24:01,517 INFO [long-pulling] client count 0

2025-06-26 00:24:05,764 INFO groupCount = 0, subscriberClientCount = 0, subscriberCount = 0

2025-06-26 00:24:09,451 INFO toNotifyTaskSize = 0

2025-06-26 00:24:09,453 INFO toClientNotifyTaskSize = 0

2025-06-26 00:24:11,521 INFO [long-pulling] client count 0

2025-06-26 00:24:15,766 INFO groupCount = 0, subscriberClientCount = 0, subscriberCount = 0

2025-06-26 00:24:19,454 INFO toNotifyTaskSize = 0

2025-06-26 00:24:19,456 INFO toClientNotifyTaskSize = 0

2025-06-26 00:24:21,522 INFO [long-pulling] client count 0

2025-06-26 00:24:25,768 INFO groupCount = 0, subscriberClientCount = 0, subscriberCount = 0

2025-06-26 00:24:29,458 INFO toNotifyTaskSize = 0

2025-06-26 00:24:29,459 INFO toClientNotifyTaskSize = 0

2025-06-26 00:24:31,523 INFO [long-pulling] client count 0

2025-06-26 00:24:35,766 INFO groupCount = 0, subscriberClientCount = 0, subscriberCount = 0

2025-06-26 00:24:39,457 INFO toNotifyTaskSize = 0

2025-06-26 00:24:39,459 INFO toClientNotifyTaskSize = 0

2025-06-26 00:24:41,528 INFO [long-pulling] client count 0

2025-06-26 00:24:45,768 INFO groupCount = 0, subscriberClientCount = 0, subscriberCount = 0

2025-06-26 00:24:49,463 INFO toNotifyTaskSize = 0

2025-06-26 00:24:49,466 INFO toClientNotifyTaskSize = 0

2025-06-26 00:24:51,531 INFO [long-pulling] client count 0

2025-06-26 00:24:55,769 INFO groupCount = 0, subscriberClientCount = 0, subscriberCount = 0

2025-06-26 00:24:59,468 INFO toNotifyTaskSize = 0

2025-06-26 00:24:59,470 INFO toClientNotifyTaskSize = 0

2025-06-26 00:25:01,528 INFO [long-pulling] client count 0

2025-06-26 00:25:05,766 INFO groupCount = 0, subscriberClientCount = 0, subscriberCount = 0

2025-06-26 00:25:09,467 INFO toNotifyTaskSize = 0

2025-06-26 00:25:09,468 INFO toClientNotifyTaskSize = 0

2025-06-26 00:25:11,530 INFO [long-pulling] client count 0

2025-06-26 00:25:15,768 INFO groupCount = 0, subscriberClientCount = 0, subscriberCount = 0

2025-06-26 00:25:19,469 INFO toNotifyTaskSize = 0

2025-06-26 00:25:19,473 INFO toClientNotifyTaskSize = 0

2025-06-26 00:25:21,531 INFO [long-pulling] client count 0

2025-06-26 00:25:25,769 INFO groupCount = 0, subscriberClientCount = 0, subscriberCount = 0

2025-06-26 00:25:29,474 INFO toNotifyTaskSize = 0

2025-06-26 00:25:29,480 INFO toClientNotifyTaskSize = 0

2025-06-26 00:25:31,533 INFO [long-pulling] client count 0

2025-06-26 00:25:35,771 INFO groupCount = 0, subscriberClientCount = 0, subscriberCount = 0

2025-06-26 00:25:39,481 INFO toNotifyTaskSize = 0

2025-06-26 00:25:39,483 INFO toClientNotifyTaskSize = 0

2025-06-26 00:25:41,537 INFO [long-pulling] client count 0

2025-06-26 00:25:45,773 INFO groupCount = 0, subscriberClientCount = 0, subscriberCount = 0

2025-06-26 00:25:49,484 INFO toNotifyTaskSize = 0

2025-06-26 00:25:49,485 INFO toClientNotifyTaskSize = 0

2025-06-26 00:25:51,541 INFO [long-pulling] client count 0

2025-06-26 00:25:55,775 INFO groupCount = 0, subscriberClientCount = 0, subscriberCount = 0

2025-06-26 00:25:59,488 INFO toNotifyTaskSize = 0

2025-06-26 00:25:59,491 INFO toClientNotifyTaskSize = 0

2025-06-26 00:26:01,542 INFO [long-pulling] client count 0

2025-06-26 00:26:05,776 INFO groupCount = 0, subscriberClientCount = 0, subscriberCount = 0

2025-06-26 00:26:09,492 INFO toNotifyTaskSize = 0

2025-06-26 00:26:09,494 INFO toClientNotifyTaskSize = 0

2025-06-26 00:26:11,544 INFO [long-pulling] client count 0

2025-06-26 00:26:15,779 INFO groupCount = 0, subscriberClientCount = 0, subscriberCount = 0

2025-06-26 00:26:19,496 INFO toNotifyTaskSize = 0

2025-06-26 00:26:19,498 INFO toClientNotifyTaskSize = 0

2025-06-26 00:26:21,546 INFO [long-pulling] client count 0

2025-06-26 00:26:25,780 INFO groupCount = 0, subscriberClientCount = 0, subscriberCount = 0

2025-06-26 00:26:29,500 INFO toNotifyTaskSize = 0

2025-06-26 00:26:29,504 INFO toClientNotifyTaskSize = 0

2025-06-26 00:26:31,553 INFO [long-pulling] client count 0

2025-06-26 00:26:35,781 INFO groupCount = 0, subscriberClientCount = 0, subscriberCount = 0

2025-06-26 00:26:39,505 INFO toNotifyTaskSize = 0

2025-06-26 00:26:39,506 INFO toClientNotifyTaskSize = 0

2025-06-26 00:26:41,555 INFO [long-pulling] client count 0

2025-06-26 00:26:45,783 INFO groupCount = 0, subscriberClientCount = 0, subscriberCount = 0

2025-06-26 00:26:49,507 INFO toNotifyTaskSize = 0

2025-06-26 00:26:49,512 INFO toClientNotifyTaskSize = 0

2025-06-26 00:26:51,558 INFO [long-pulling] client count 0

2025-06-26 00:26:55,785 INFO groupCount = 0, subscriberClientCount = 0, subscriberCount = 0

2025-06-26 00:26:59,515 INFO toNotifyTaskSize = 0

2025-06-26 00:26:59,517 INFO toClientNotifyTaskSize = 0

2025-06-26 00:27:01,559 INFO [long-pulling] client count 0

2025-06-26 00:27:05,786 INFO groupCount = 0, subscriberClientCount = 0, subscriberCount = 0

2025-06-26 00:27:09,518 INFO toNotifyTaskSize = 0

2025-06-26 00:27:09,521 INFO toClientNotifyTaskSize = 0

2025-06-26 00:27:11,561 INFO [long-pulling] client count 0

2025-06-26 00:27:15,788 INFO groupCount = 0, subscriberClientCount = 0, subscriberCount = 0

2025-06-26 00:27:19,524 INFO toNotifyTaskSize = 0

2025-06-26 00:27:19,526 INFO toClientNotifyTaskSize = 0

2025-06-26 00:27:21,564 INFO [long-pulling] client count 0

2025-06-26 00:27:25,790 INFO groupCount = 0, subscriberClientCount = 0, subscriberCount = 0

2025-06-26 00:27:29,528 INFO toNotifyTaskSize = 0

2025-06-26 00:27:29,529 INFO toClientNotifyTaskSize = 0

2025-06-26 00:27:31,559 INFO [long-pulling] client count 0

2025-06-26 00:27:35,785 INFO groupCount = 0, subscriberClientCount = 0, subscriberCount = 0

2025-06-26 00:27:39,524 INFO toNotifyTaskSize = 0

2025-06-26 00:27:39,526 INFO toClientNotifyTaskSize = 0

2025-06-26 00:27:41,561 INFO [long-pulling] client count 0

2025-06-26 00:27:45,788 INFO groupCount = 0, subscriberClientCount = 0, subscriberCount = 0

2025-06-26 00:27:49,528 INFO toNotifyTaskSize = 0

2025-06-26 00:27:49,531 INFO toClientNotifyTaskSize = 0

2025-06-26 00:27:51,563 INFO [long-pulling] client count 0

2025-06-26 00:27:55,790 INFO groupCount = 0, subscriberClientCount = 0, subscriberCount = 0

2025-06-26 00:27:59,533 INFO toNotifyTaskSize = 0

2025-06-26 00:27:59,534 INFO toClientNotifyTaskSize = 0

2025-06-26 00:28:01,563 INFO [long-pulling] client count 0

2025-06-26 00:28:05,789 INFO groupCount = 0, subscriberClientCount = 0, subscriberCount = 0

2025-06-26 00:28:09,534 INFO toNotifyTaskSize = 0

2025-06-26 00:28:09,536 INFO toClientNotifyTaskSize = 0

2025-06-26 00:28:11,566 INFO [long-pulling] client count 0

2025-06-26 00:28:15,791 INFO groupCount = 0, subscriberClientCount = 0, subscriberCount = 0

2025-06-26 00:28:19,538 INFO toNotifyTaskSize = 0

2025-06-26 00:28:19,540 INFO toClientNotifyTaskSize = 0

2025-06-26 00:28:21,568 INFO [long-pulling] client count 0

2025-06-26 00:28:25,793 INFO groupCount = 0, subscriberClientCount = 0, subscriberCount = 0

2025-06-26 00:28:29,543 INFO toNotifyTaskSize = 0

2025-06-26 00:28:29,545 INFO toClientNotifyTaskSize = 0

2025-06-26 00:28:31,571 INFO [long-pulling] client count 0

2025-06-26 00:28:35,793 INFO groupCount = 0, subscriberClientCount = 0, subscriberCount = 0

2025-06-26 00:28:39,546 INFO toNotifyTaskSize = 0

2025-06-26 00:28:39,548 INFO toClientNotifyTaskSize = 0

2025-06-26 00:28:41,574 INFO [long-pulling] client count 0

2025-06-26 00:28:45,795 INFO groupCount = 0, subscriberClientCount = 0, subscriberCount = 0

2025-06-26 00:28:49,550 INFO toNotifyTaskSize = 0

2025-06-26 00:28:49,553 INFO toClientNotifyTaskSize = 0

2025-06-26 00:28:51,575 INFO [long-pulling] client count 0

2025-06-26 00:28:55,797 INFO groupCount = 0, subscriberClientCount = 0, subscriberCount = 0

2025-06-26 00:28:59,555 INFO toNotifyTaskSize = 0

2025-06-26 00:28:59,558 INFO toClientNotifyTaskSize = 0

2025-06-26 00:29:01,576 INFO [long-pulling] client count 0

2025-06-26 00:29:05,796 INFO groupCount = 0, subscriberClientCount = 0, subscriberCount = 0

2025-06-26 00:29:09,558 INFO toNotifyTaskSize = 0

2025-06-26 00:29:09,559 INFO toClientNotifyTaskSize = 0

2025-06-26 00:29:11,577 INFO [long-pulling] client count 0

2025-06-26 00:29:15,798 INFO groupCount = 0, subscriberClientCount = 0, subscriberCount = 0

2025-06-26 00:29:19,561 INFO toNotifyTaskSize = 0

2025-06-26 00:29:19,563 INFO toClientNotifyTaskSize = 0

2025-06-26 00:29:21,579 INFO [long-pulling] client count 0

2025-06-26 00:29:25,800 INFO groupCount = 0, subscriberClientCount = 0, subscriberCount = 0

2025-06-26 00:29:29,566 INFO toNotifyTaskSize = 0

2025-06-26 00:29:29,568 INFO toClientNotifyTaskSize = 0

2025-06-26 00:29:31,580 INFO [long-pulling] client count 0

2025-06-26 00:29:35,800 INFO groupCount = 0, subscriberClientCount = 0, subscriberCount = 0

2025-06-26 00:29:39,568 INFO toNotifyTaskSize = 0

2025-06-26 00:29:39,570 INFO toClientNotifyTaskSize = 0

2025-06-26 00:29:41,582 INFO [long-pulling] client count 0

2025-06-26 00:29:45,802 INFO groupCount = 0, subscriberClientCount = 0, subscriberCount = 0

2025-06-26 00:29:49,571 INFO toNotifyTaskSize = 0

2025-06-26 00:29:49,573 INFO toClientNotifyTaskSize = 0

2025-06-26 00:29:51,584 INFO [long-pulling] client count 0

2025-06-26 00:29:55,804 INFO groupCount = 0, subscriberClientCount = 0, subscriberCount = 0

2025-06-26 00:29:59,575 INFO toNotifyTaskSize = 0

2025-06-26 00:29:59,577 INFO toClientNotifyTaskSize = 0

2025-06-26 00:30:01,584 INFO [long-pulling] client count 0

2025-06-26 00:30:05,804 INFO groupCount = 0, subscriberClientCount = 0, subscriberCount = 0

2025-06-26 00:30:09,576 INFO toNotifyTaskSize = 0

2025-06-26 00:30:09,578 INFO toClientNotifyTaskSize = 0

2025-06-26 00:30:11,586 INFO [long-pulling] client count 0

2025-06-26 00:30:15,805 INFO groupCount = 0, subscriberClientCount = 0, subscriberCount = 0

2025-06-26 00:30:19,580 INFO toNotifyTaskSize = 0

2025-06-26 00:30:19,582 INFO toClientNotifyTaskSize = 0

2025-06-26 00:30:21,589 INFO [long-pulling] client count 0

2025-06-26 00:30:25,807 INFO groupCount = 0, subscriberClientCount = 0, subscriberCount = 0

2025-06-26 00:30:29,584 INFO toNotifyTaskSize = 0

2025-06-26 00:30:29,587 INFO toClientNotifyTaskSize = 0

2025-06-26 00:30:31,591 INFO [long-pulling] client count 0

2025-06-26 00:30:35,807 INFO groupCount = 0, subscriberClientCount = 0, subscriberCount = 0

2025-06-26 00:30:39,587 INFO toNotifyTaskSize = 0

2025-06-26 00:30:39,589 INFO toClientNotifyTaskSize = 0

2025-06-26 00:30:41,596 INFO [long-pulling] client count 0

2025-06-26 00:30:45,809 INFO groupCount = 0, subscriberClientCount = 0, subscriberCount = 0

2025-06-26 00:30:49,590 INFO toNotifyTaskSize = 0

2025-06-26 00:30:49,591 INFO toClientNotifyTaskSize = 0

2025-06-26 00:30:51,597 INFO [long-pulling] client count 0

2025-06-26 00:30:55,812 INFO groupCount = 0, subscriberClientCount = 0, subscriberCount = 0

2025-06-26 00:30:59,593 INFO toNotifyTaskSize = 0

2025-06-26 00:30:59,595 INFO toClientNotifyTaskSize = 0

2025-06-26 00:31:01,599 INFO [long-pulling] client count 0

2025-06-26 00:31:05,812 INFO groupCount = 0, subscriberClientCount = 0, subscriberCount = 0

2025-06-26 00:31:09,595 INFO toNotifyTaskSize = 0

2025-06-26 00:31:09,596 INFO toClientNotifyTaskSize = 0

2025-06-26 00:31:11,601 INFO [long-pulling] client count 0

2025-06-26 00:31:15,813 INFO groupCount = 0, subscriberClientCount = 0, subscriberCount = 0

2025-06-26 00:31:19,597 INFO toNotifyTaskSize = 0

2025-06-26 00:31:19,599 INFO toClientNotifyTaskSize = 0

2025-06-26 00:31:21,602 INFO [long-pulling] client count 0

2025-06-26 00:31:25,815 INFO groupCount = 0, subscriberClientCount = 0, subscriberCount = 0

2025-06-26 00:31:29,600 INFO toNotifyTaskSize = 0

2025-06-26 00:31:29,603 INFO toClientNotifyTaskSize = 0

2025-06-26 00:31:31,602 INFO [long-pulling] client count 0

2025-06-26 00:31:35,815 INFO groupCount = 0, subscriberClientCount = 0, subscriberCount = 0

2025-06-26 00:31:39,605 INFO toNotifyTaskSize = 0

2025-06-26 00:31:39,607 INFO toClientNotifyTaskSize = 0

2025-06-26 00:31:41,604 INFO [long-pulling] client count 0

2025-06-26 00:31:45,817 INFO groupCount = 0, subscriberClientCount = 0, subscriberCount = 0

2025-06-26 00:31:49,609 INFO toNotifyTaskSize = 0

2025-06-26 00:31:49,610 INFO toClientNotifyTaskSize = 0

2025-06-26 00:31:51,607 INFO [long-pulling] client count 0

2025-06-26 00:31:55,820 INFO groupCount = 0, subscriberClientCount = 0, subscriberCount = 0

2025-06-26 00:31:59,612 INFO toNotifyTaskSize = 0

2025-06-26 00:31:59,615 INFO toClientNotifyTaskSize = 0

2025-06-26 00:32:01,606 INFO [long-pulling] client count 0

2025-06-26 00:32:05,820 INFO groupCount = 0, subscriberClientCount = 0, subscriberCount = 0

2025-06-26 00:32:09,617 INFO toNotifyTaskSize = 0

2025-06-26 00:32:09,619 INFO toClientNotifyTaskSize = 0

2025-06-26 00:32:11,608 INFO [long-pulling] client count 0

2025-06-26 00:32:15,823 INFO groupCount = 0, subscriberClientCount = 0, subscriberCount = 0

2025-06-26 00:32:19,621 INFO toNotifyTaskSize = 0

2025-06-26 00:32:19,626 INFO toClientNotifyTaskSize = 0

2025-06-26 00:32:21,610 INFO [long-pulling] client count 0

2025-06-26 00:32:25,825 INFO groupCount = 0, subscriberClientCount = 0, subscriberCount = 0

2025-06-26 00:32:29,629 INFO toNotifyTaskSize = 0

2025-06-26 00:32:29,631 INFO toClientNotifyTaskSize = 0

2025-06-26 00:32:31,610 INFO [long-pulling] client count 0

2025-06-26 00:32:35,825 INFO groupCount = 0, subscriberClientCount = 0, subscriberCount = 0

2025-06-26 00:32:39,632 INFO toNotifyTaskSize = 0

2025-06-26 00:32:39,634 INFO toClientNotifyTaskSize = 0

2025-06-26 00:32:41,613 INFO [long-pulling] client count 0

2025-06-26 00:32:45,826 INFO groupCount = 0, subscriberClientCount = 0, subscriberCount = 0

2025-06-26 00:32:49,637 INFO toNotifyTaskSize = 0

2025-06-26 00:32:49,644 INFO toClientNotifyTaskSize = 0

2025-06-26 00:32:51,615 INFO [long-pulling] client count 0

2025-06-26 00:32:55,835 INFO groupCount = 0, subscriberClientCount = 0, subscriberCount = 0

2025-06-26 00:32:59,646 INFO toNotifyTaskSize = 0

2025-06-26 00:32:59,649 INFO toClientNotifyTaskSize = 0

2025-06-26 00:33:01,615 INFO [long-pulling] client count 0

2025-06-26 00:33:05,835 INFO groupCount = 0, subscriberClientCount = 0, subscriberCount = 0

2025-06-26 00:33:09,649 INFO toNotifyTaskSize = 0

2025-06-26 00:33:09,654 INFO toClientNotifyTaskSize = 0

2025-06-26 00:33:11,620 INFO [long-pulling] client count 0

2025-06-26 00:33:15,838 INFO groupCount = 0, subscriberClientCount = 0, subscriberCount = 0

2025-06-26 00:33:19,662 INFO toNotifyTaskSize = 0

2025-06-26 00:33:19,668 INFO toClientNotifyTaskSize = 0

2025-06-26 00:33:21,622 INFO [long-pulling] client count 0

2025-06-26 00:33:25,839 INFO groupCount = 0, subscriberClientCount = 0, subscriberCount = 0

2025-06-26 00:33:29,669 INFO toNotifyTaskSize = 0

2025-06-26 00:33:29,670 INFO toClientNotifyTaskSize = 0

2025-06-26 00:33:31,622 INFO [long-pulling] client count 0

2025-06-26 00:33:35,838 INFO groupCount = 0, subscriberClientCount = 0, subscriberCount = 0

2025-06-26 00:33:39,672 INFO toNotifyTaskSize = 0

2025-06-26 00:33:39,673 INFO toClientNotifyTaskSize = 0

