2025-06-25 16:09:00,692 INFO Not configure type of control plugin, no limit control for current node.

2025-06-25 16:09:00,705 INFO Load connection metrics collector,size=2,[com.alibaba.nacos.config.server.service.LongPollingConnectionMetricsCollector@6c2d4cc6, com.alibaba.nacos.core.remote.LongConnectionMetricsCollector@6134ac4a]

2025-06-25 16:09:00,711 INFO No connection rule content found ,use default empty rule 

2025-06-25 16:09:00,766 INFO No tps control rule of CONFIG_PUSH_COUNT found,content =null  

2025-06-25 16:09:00,768 WARN Tps point for CONFIG_PUSH_COUNT registered, But tps control manager is no limit implementation.

2025-06-25 16:09:00,770 INFO No tps control rule of CONFIG_PUSH_SUCCESS found,content =null  

2025-06-25 16:09:00,771 WARN Tps point for CONFIG_PUSH_SUCCESS registered, But tps control manager is no limit implementation.

2025-06-25 16:09:00,772 INFO No tps control rule of CONFIG_PUSH_FAIL found,content =null  

2025-06-25 16:09:00,775 WARN Tps point for CONFIG_PUSH_FAIL registered, But tps control manager is no limit implementation.

2025-06-25 16:09:09,444 INFO No tps control rule of ConfigQuery found,content =null  

2025-06-25 16:09:09,445 WARN Tps point for ConfigQuery registered, But tps control manager is no limit implementation.

2025-06-25 16:09:09,446 INFO No tps control rule of ClusterConfigChangeNotify found,content =null  

2025-06-25 16:09:09,447 WARN Tps point for ClusterConfigChangeNotify registered, But tps control manager is no limit implementation.

2025-06-25 16:09:09,471 INFO No tps control rule of ConfigListen found,content =null  

2025-06-25 16:09:09,472 WARN Tps point for ConfigListen registered, But tps control manager is no limit implementation.

2025-06-25 16:09:09,472 INFO No tps control rule of ConfigRemove found,content =null  

2025-06-25 16:09:09,473 WARN Tps point for ConfigRemove registered, But tps control manager is no limit implementation.

2025-06-25 16:09:09,474 INFO No tps control rule of ConfigPublish found,content =null  

2025-06-25 16:09:09,474 WARN Tps point for ConfigPublish registered, But tps control manager is no limit implementation.

2025-06-25 16:09:09,480 INFO No tps control rule of HealthCheck found,content =null  

2025-06-25 16:09:09,481 WARN Tps point for HealthCheck registered, But tps control manager is no limit implementation.

2025-06-25 16:09:09,483 INFO No tps control rule of RemoteNamingServiceQuery found,content =null  

2025-06-25 16:09:09,485 WARN Tps point for RemoteNamingServiceQuery registered, But tps control manager is no limit implementation.

2025-06-25 16:09:09,486 INFO No tps control rule of RemoteNamingInstanceBatchRegister found,content =null  

2025-06-25 16:09:09,487 WARN Tps point for RemoteNamingInstanceBatchRegister registered, But tps control manager is no limit implementation.

2025-06-25 16:09:09,488 INFO No tps control rule of RemoteNamingInstanceRegisterDeregister found,content =null  

2025-06-25 16:09:09,488 WARN Tps point for RemoteNamingInstanceRegisterDeregister registered, But tps control manager is no limit implementation.

2025-06-25 16:09:09,489 INFO No tps control rule of RemoteNamingServiceListQuery found,content =null  

2025-06-25 16:09:09,490 WARN Tps point for RemoteNamingServiceListQuery registered, But tps control manager is no limit implementation.

2025-06-25 16:09:09,491 INFO No tps control rule of RemoteNamingServiceSubscribeUnSubscribe found,content =null  

2025-06-25 16:09:09,491 WARN Tps point for RemoteNamingServiceSubscribeUnSubscribe registered, But tps control manager is no limit implementation.

2025-06-25 16:09:09,491 WARN Tps point for RemoteNamingInstanceRegisterDeregister registered, But tps control manager is no limit implementation.

2025-06-25 16:09:09,493 INFO No tps control rule of NamingInstanceQuery found,content =null  

2025-06-25 16:09:09,494 WARN Tps point for NamingInstanceQuery registered, But tps control manager is no limit implementation.

2025-06-25 16:09:09,494 INFO No tps control rule of NamingServiceSubscribe found,content =null  

2025-06-25 16:09:09,495 WARN Tps point for NamingServiceSubscribe registered, But tps control manager is no limit implementation.

2025-06-25 16:09:09,496 INFO No tps control rule of NamingInstanceDeregister found,content =null  

2025-06-25 16:09:09,496 WARN Tps point for NamingInstanceDeregister registered, But tps control manager is no limit implementation.

2025-06-25 16:09:09,497 INFO No tps control rule of NamingServiceUpdate found,content =null  

2025-06-25 16:09:09,497 WARN Tps point for NamingServiceUpdate registered, But tps control manager is no limit implementation.

2025-06-25 16:09:09,498 WARN Tps point for ConfigQuery registered, But tps control manager is no limit implementation.

2025-06-25 16:09:09,498 INFO No tps control rule of NamingInstanceRegister found,content =null  

2025-06-25 16:09:09,499 WARN Tps point for NamingInstanceRegister registered, But tps control manager is no limit implementation.

2025-06-25 16:09:09,502 INFO No tps control rule of NamingInstanceMetadataUpdate found,content =null  

2025-06-25 16:09:09,503 WARN Tps point for NamingInstanceMetadataUpdate registered, But tps control manager is no limit implementation.

2025-06-25 16:09:09,504 INFO No tps control rule of HttpHealthCheck found,content =null  

2025-06-25 16:09:09,505 WARN Tps point for HttpHealthCheck registered, But tps control manager is no limit implementation.

2025-06-25 16:09:09,505 WARN Tps point for HttpHealthCheck registered, But tps control manager is no limit implementation.

2025-06-25 16:09:09,506 WARN Tps point for NamingInstanceRegister registered, But tps control manager is no limit implementation.

2025-06-25 16:09:09,514 WARN Tps point for NamingServiceUpdate registered, But tps control manager is no limit implementation.

2025-06-25 16:09:09,529 WARN Tps point for NamingInstanceDeregister registered, But tps control manager is no limit implementation.

2025-06-25 16:09:09,529 WARN Tps point for NamingInstanceMetadataUpdate registered, But tps control manager is no limit implementation.

2025-06-25 16:09:09,530 INFO No tps control rule of NamingServiceQuery found,content =null  

2025-06-25 16:09:09,530 WARN Tps point for NamingServiceQuery registered, But tps control manager is no limit implementation.

2025-06-25 16:09:09,531 WARN Tps point for ConfigPublish registered, But tps control manager is no limit implementation.

2025-06-25 16:09:09,531 WARN Tps point for NamingInstanceMetadataUpdate registered, But tps control manager is no limit implementation.

2025-06-25 16:09:09,532 WARN Tps point for NamingServiceSubscribe registered, But tps control manager is no limit implementation.

2025-06-25 16:09:09,532 WARN Tps point for NamingServiceQuery registered, But tps control manager is no limit implementation.

2025-06-25 16:09:09,532 INFO No tps control rule of NamingServiceRegister found,content =null  

2025-06-25 16:09:09,533 WARN Tps point for NamingServiceRegister registered, But tps control manager is no limit implementation.

2025-06-25 16:09:09,533 WARN Tps point for NamingInstanceMetadataUpdate registered, But tps control manager is no limit implementation.

2025-06-25 16:09:09,534 INFO No tps control rule of NamingServiceDeregister found,content =null  

2025-06-25 16:09:09,534 WARN Tps point for NamingServiceDeregister registered, But tps control manager is no limit implementation.

2025-06-25 16:09:09,535 INFO No tps control rule of NamingInstanceUpdate found,content =null  

2025-06-25 16:09:09,538 WARN Tps point for NamingInstanceUpdate registered, But tps control manager is no limit implementation.

2025-06-25 16:09:09,539 WARN Tps point for NamingInstanceQuery registered, But tps control manager is no limit implementation.

2025-06-25 16:09:09,539 INFO No tps control rule of NamingServiceListQuery found,content =null  

2025-06-25 16:09:09,540 WARN Tps point for NamingServiceListQuery registered, But tps control manager is no limit implementation.

2025-06-25 16:09:09,540 WARN Tps point for NamingServiceRegister registered, But tps control manager is no limit implementation.

2025-06-25 16:09:09,541 WARN Tps point for NamingServiceListQuery registered, But tps control manager is no limit implementation.

2025-06-25 16:09:09,542 WARN Tps point for NamingInstanceUpdate registered, But tps control manager is no limit implementation.

2025-06-25 16:09:09,542 WARN Tps point for NamingServiceDeregister registered, But tps control manager is no limit implementation.

2025-06-25 16:12:24,883 INFO No tps control rule of NAMING_RPC_PUSH found,content =null  

2025-06-25 16:12:24,889 WARN Tps point for NAMING_RPC_PUSH registered, But tps control manager is no limit implementation.

2025-06-25 16:12:24,890 INFO No tps control rule of NAMING_RPC_PUSH_SUCCESS found,content =null  

2025-06-25 16:12:24,890 WARN Tps point for NAMING_RPC_PUSH_SUCCESS registered, But tps control manager is no limit implementation.

2025-06-25 16:12:24,891 INFO No tps control rule of NAMING_RPC_PUSH_FAIL found,content =null  

2025-06-25 16:12:24,891 WARN Tps point for NAMING_RPC_PUSH_FAIL registered, But tps control manager is no limit implementation.

2025-06-25 16:12:24,892 INFO No tps control rule of NAMING_UDP_PUSH found,content =null  

2025-06-25 16:12:24,892 WARN Tps point for NAMING_UDP_PUSH registered, But tps control manager is no limit implementation.

2025-06-25 16:12:24,893 INFO No tps control rule of NAMING_UDP_PUSH_SUCCESS found,content =null  

2025-06-25 16:12:24,894 WARN Tps point for NAMING_UDP_PUSH_SUCCESS registered, But tps control manager is no limit implementation.

2025-06-25 16:12:24,894 INFO No tps control rule of NAMING_UDP_PUSH_FAIL found,content =null  

2025-06-25 16:12:24,895 WARN Tps point for NAMING_UDP_PUSH_FAIL registered, But tps control manager is no limit implementation.

2025-06-25 16:12:24,895 INFO No tps control rule of NAMING_DISTRO_SYNC found,content =null  

2025-06-25 16:12:24,895 WARN Tps point for NAMING_DISTRO_SYNC registered, But tps control manager is no limit implementation.

2025-06-25 16:12:24,896 INFO No tps control rule of NAMING_DISTRO_SYNC_SUCCESS found,content =null  

2025-06-25 16:12:24,896 WARN Tps point for NAMING_DISTRO_SYNC_SUCCESS registered, But tps control manager is no limit implementation.

2025-06-25 16:12:24,897 INFO No tps control rule of NAMING_DISTRO_SYNC_FAIL found,content =null  

2025-06-25 16:12:24,897 WARN Tps point for NAMING_DISTRO_SYNC_FAIL registered, But tps control manager is no limit implementation.

2025-06-25 16:12:24,898 INFO No tps control rule of NAMING_DISTRO_VERIFY found,content =null  

2025-06-25 16:12:24,899 WARN Tps point for NAMING_DISTRO_VERIFY registered, But tps control manager is no limit implementation.

2025-06-25 16:12:24,899 INFO No tps control rule of NAMING_DISTRO_VERIFY_SUCCESS found,content =null  

2025-06-25 16:12:24,900 WARN Tps point for NAMING_DISTRO_VERIFY_SUCCESS registered, But tps control manager is no limit implementation.

2025-06-25 16:12:24,902 INFO No tps control rule of NAMING_DISTRO_VERIFY_FAIL found,content =null  

2025-06-25 16:12:24,903 WARN Tps point for NAMING_DISTRO_VERIFY_FAIL registered, But tps control manager is no limit implementation.

