2025-06-25 16:09:02,711 INFO Not configure type of control plugin, no limit control for current node.

2025-06-25 16:09:02,721 INFO Load connection metrics collector,size=2,[com.alibaba.nacos.config.server.service.LongPollingConnectionMetricsCollector@530a8454, com.alibaba.nacos.core.remote.LongConnectionMetricsCollector@5215cd9a]

2025-06-25 16:09:02,726 INFO No connection rule content found ,use default empty rule 

2025-06-25 16:09:02,787 INFO No tps control rule of CONFIG_PUSH_COUNT found,content =null  

2025-06-25 16:09:02,789 WARN Tps point for CONFIG_PUSH_COUNT registered, But tps control manager is no limit implementation.

2025-06-25 16:09:02,791 INFO No tps control rule of CONFIG_PUSH_SUCCESS found,content =null  

2025-06-25 16:09:02,792 WARN Tps point for CONFIG_PUSH_SUCCESS registered, But tps control manager is no limit implementation.

2025-06-25 16:09:02,793 INFO No tps control rule of CONFIG_PUSH_FAIL found,content =null  

2025-06-25 16:09:02,794 WARN Tps point for CONFIG_PUSH_FAIL registered, But tps control manager is no limit implementation.

2025-06-25 16:09:10,675 INFO No tps control rule of ConfigQuery found,content =null  

2025-06-25 16:09:10,676 WARN Tps point for ConfigQuery registered, But tps control manager is no limit implementation.

2025-06-25 16:09:10,677 INFO No tps control rule of ClusterConfigChangeNotify found,content =null  

2025-06-25 16:09:10,678 WARN Tps point for ClusterConfigChangeNotify registered, But tps control manager is no limit implementation.

2025-06-25 16:09:10,696 INFO No tps control rule of ConfigListen found,content =null  

2025-06-25 16:09:10,697 WARN Tps point for ConfigListen registered, But tps control manager is no limit implementation.

2025-06-25 16:09:10,698 INFO No tps control rule of ConfigRemove found,content =null  

2025-06-25 16:09:10,698 WARN Tps point for ConfigRemove registered, But tps control manager is no limit implementation.

2025-06-25 16:09:10,700 INFO No tps control rule of ConfigPublish found,content =null  

2025-06-25 16:09:10,700 WARN Tps point for ConfigPublish registered, But tps control manager is no limit implementation.

2025-06-25 16:09:10,701 INFO No tps control rule of HealthCheck found,content =null  

2025-06-25 16:09:10,701 WARN Tps point for HealthCheck registered, But tps control manager is no limit implementation.

2025-06-25 16:09:10,702 INFO No tps control rule of RemoteNamingServiceQuery found,content =null  

2025-06-25 16:09:10,702 WARN Tps point for RemoteNamingServiceQuery registered, But tps control manager is no limit implementation.

2025-06-25 16:09:10,703 INFO No tps control rule of RemoteNamingInstanceBatchRegister found,content =null  

2025-06-25 16:09:10,703 WARN Tps point for RemoteNamingInstanceBatchRegister registered, But tps control manager is no limit implementation.

2025-06-25 16:09:10,704 INFO No tps control rule of RemoteNamingInstanceRegisterDeregister found,content =null  

2025-06-25 16:09:10,705 WARN Tps point for RemoteNamingInstanceRegisterDeregister registered, But tps control manager is no limit implementation.

2025-06-25 16:09:10,705 INFO No tps control rule of RemoteNamingServiceListQuery found,content =null  

2025-06-25 16:09:10,706 WARN Tps point for RemoteNamingServiceListQuery registered, But tps control manager is no limit implementation.

2025-06-25 16:09:10,707 INFO No tps control rule of RemoteNamingServiceSubscribeUnSubscribe found,content =null  

2025-06-25 16:09:10,707 WARN Tps point for RemoteNamingServiceSubscribeUnSubscribe registered, But tps control manager is no limit implementation.

2025-06-25 16:09:10,708 WARN Tps point for RemoteNamingInstanceRegisterDeregister registered, But tps control manager is no limit implementation.

2025-06-25 16:09:10,709 INFO No tps control rule of NamingServiceDeregister found,content =null  

2025-06-25 16:09:10,710 WARN Tps point for NamingServiceDeregister registered, But tps control manager is no limit implementation.

2025-06-25 16:09:10,710 WARN Tps point for ConfigPublish registered, But tps control manager is no limit implementation.

2025-06-25 16:09:10,711 INFO No tps control rule of NamingServiceUpdate found,content =null  

2025-06-25 16:09:10,711 WARN Tps point for NamingServiceUpdate registered, But tps control manager is no limit implementation.

2025-06-25 16:09:10,712 INFO No tps control rule of NamingServiceListQuery found,content =null  

2025-06-25 16:09:10,712 WARN Tps point for NamingServiceListQuery registered, But tps control manager is no limit implementation.

2025-06-25 16:09:10,714 INFO No tps control rule of NamingInstanceRegister found,content =null  

2025-06-25 16:09:10,714 WARN Tps point for NamingInstanceRegister registered, But tps control manager is no limit implementation.

2025-06-25 16:09:10,715 INFO No tps control rule of NamingInstanceQuery found,content =null  

2025-06-25 16:09:10,715 WARN Tps point for NamingInstanceQuery registered, But tps control manager is no limit implementation.

2025-06-25 16:09:10,715 WARN Tps point for NamingServiceDeregister registered, But tps control manager is no limit implementation.

2025-06-25 16:09:10,716 WARN Tps point for NamingServiceUpdate registered, But tps control manager is no limit implementation.

2025-06-25 16:09:10,716 WARN Tps point for ConfigQuery registered, But tps control manager is no limit implementation.

2025-06-25 16:09:10,716 INFO No tps control rule of NamingInstanceUpdate found,content =null  

2025-06-25 16:09:10,717 WARN Tps point for NamingInstanceUpdate registered, But tps control manager is no limit implementation.

2025-06-25 16:09:10,717 INFO No tps control rule of NamingInstanceMetadataUpdate found,content =null  

2025-06-25 16:09:10,717 WARN Tps point for NamingInstanceMetadataUpdate registered, But tps control manager is no limit implementation.

2025-06-25 16:09:10,718 WARN Tps point for NamingInstanceMetadataUpdate registered, But tps control manager is no limit implementation.

2025-06-25 16:09:10,718 INFO No tps control rule of NamingServiceRegister found,content =null  

2025-06-25 16:09:10,718 WARN Tps point for NamingServiceRegister registered, But tps control manager is no limit implementation.

2025-06-25 16:09:10,719 WARN Tps point for NamingInstanceQuery registered, But tps control manager is no limit implementation.

2025-06-25 16:09:10,719 INFO No tps control rule of NamingInstanceDeregister found,content =null  

2025-06-25 16:09:10,719 WARN Tps point for NamingInstanceDeregister registered, But tps control manager is no limit implementation.

2025-06-25 16:09:10,720 WARN Tps point for NamingInstanceDeregister registered, But tps control manager is no limit implementation.

2025-06-25 16:09:10,720 WARN Tps point for NamingInstanceUpdate registered, But tps control manager is no limit implementation.

2025-06-25 16:09:10,720 WARN Tps point for NamingInstanceMetadataUpdate registered, But tps control manager is no limit implementation.

2025-06-25 16:09:10,721 WARN Tps point for NamingServiceListQuery registered, But tps control manager is no limit implementation.

2025-06-25 16:09:10,721 WARN Tps point for NamingServiceRegister registered, But tps control manager is no limit implementation.

2025-06-25 16:09:10,721 INFO No tps control rule of NamingServiceSubscribe found,content =null  

2025-06-25 16:09:10,722 WARN Tps point for NamingServiceSubscribe registered, But tps control manager is no limit implementation.

2025-06-25 16:09:10,722 WARN Tps point for NamingInstanceMetadataUpdate registered, But tps control manager is no limit implementation.

2025-06-25 16:09:10,723 WARN Tps point for NamingInstanceRegister registered, But tps control manager is no limit implementation.

2025-06-25 16:09:10,723 INFO No tps control rule of NamingServiceQuery found,content =null  

2025-06-25 16:09:10,724 WARN Tps point for NamingServiceQuery registered, But tps control manager is no limit implementation.

2025-06-25 16:09:10,724 WARN Tps point for NamingServiceQuery registered, But tps control manager is no limit implementation.

2025-06-25 16:09:10,724 INFO No tps control rule of HttpHealthCheck found,content =null  

2025-06-25 16:09:10,725 WARN Tps point for HttpHealthCheck registered, But tps control manager is no limit implementation.

2025-06-25 16:09:10,725 WARN Tps point for HttpHealthCheck registered, But tps control manager is no limit implementation.

2025-06-25 16:09:10,725 WARN Tps point for NamingServiceSubscribe registered, But tps control manager is no limit implementation.

2025-06-25 16:13:17,223 INFO No tps control rule of NAMING_RPC_PUSH found,content =null  

2025-06-25 16:13:17,233 WARN Tps point for NAMING_RPC_PUSH registered, But tps control manager is no limit implementation.

2025-06-25 16:13:17,239 INFO No tps control rule of NAMING_RPC_PUSH_SUCCESS found,content =null  

2025-06-25 16:13:17,240 WARN Tps point for NAMING_RPC_PUSH_SUCCESS registered, But tps control manager is no limit implementation.

2025-06-25 16:13:17,241 INFO No tps control rule of NAMING_RPC_PUSH_FAIL found,content =null  

2025-06-25 16:13:17,242 WARN Tps point for NAMING_RPC_PUSH_FAIL registered, But tps control manager is no limit implementation.

2025-06-25 16:13:17,243 INFO No tps control rule of NAMING_UDP_PUSH found,content =null  

2025-06-25 16:13:17,244 WARN Tps point for NAMING_UDP_PUSH registered, But tps control manager is no limit implementation.

2025-06-25 16:13:17,248 INFO No tps control rule of NAMING_UDP_PUSH_SUCCESS found,content =null  

2025-06-25 16:13:17,249 WARN Tps point for NAMING_UDP_PUSH_SUCCESS registered, But tps control manager is no limit implementation.

2025-06-25 16:13:17,249 INFO No tps control rule of NAMING_UDP_PUSH_FAIL found,content =null  

2025-06-25 16:13:17,250 WARN Tps point for NAMING_UDP_PUSH_FAIL registered, But tps control manager is no limit implementation.

2025-06-25 16:13:17,251 INFO No tps control rule of NAMING_DISTRO_SYNC found,content =null  

2025-06-25 16:13:17,251 WARN Tps point for NAMING_DISTRO_SYNC registered, But tps control manager is no limit implementation.

2025-06-25 16:13:17,252 INFO No tps control rule of NAMING_DISTRO_SYNC_SUCCESS found,content =null  

2025-06-25 16:13:17,253 WARN Tps point for NAMING_DISTRO_SYNC_SUCCESS registered, But tps control manager is no limit implementation.

2025-06-25 16:13:17,254 INFO No tps control rule of NAMING_DISTRO_SYNC_FAIL found,content =null  

2025-06-25 16:13:17,258 WARN Tps point for NAMING_DISTRO_SYNC_FAIL registered, But tps control manager is no limit implementation.

2025-06-25 16:13:17,260 INFO No tps control rule of NAMING_DISTRO_VERIFY found,content =null  

2025-06-25 16:13:17,261 WARN Tps point for NAMING_DISTRO_VERIFY registered, But tps control manager is no limit implementation.

2025-06-25 16:13:17,262 INFO No tps control rule of NAMING_DISTRO_VERIFY_SUCCESS found,content =null  

2025-06-25 16:13:17,262 WARN Tps point for NAMING_DISTRO_VERIFY_SUCCESS registered, But tps control manager is no limit implementation.

2025-06-25 16:13:17,263 INFO No tps control rule of NAMING_DISTRO_VERIFY_FAIL found,content =null  

2025-06-25 16:13:17,264 WARN Tps point for NAMING_DISTRO_VERIFY_FAIL registered, But tps control manager is no limit implementation.

