2025-06-25 16:09:01,079 INFO Not configure type of control plugin, no limit control for current node.

2025-06-25 16:09:01,086 INFO Load connection metrics collector,size=2,[com.alibaba.nacos.config.server.service.LongPollingConnectionMetricsCollector@420bc288, com.alibaba.nacos.core.remote.LongConnectionMetricsCollector@308a6984]

2025-06-25 16:09:01,088 INFO No connection rule content found ,use default empty rule 

2025-06-25 16:09:01,146 INFO No tps control rule of CONFIG_PUSH_COUNT found,content =null  

2025-06-25 16:09:01,151 WARN Tps point for CONFIG_PUSH_COUNT registered, But tps control manager is no limit implementation.

2025-06-25 16:09:01,153 INFO No tps control rule of CONFIG_PUSH_SUCCESS found,content =null  

2025-06-25 16:09:01,153 WARN Tps point for CONFIG_PUSH_SUCCESS registered, But tps control manager is no limit implementation.

2025-06-25 16:09:01,154 INFO No tps control rule of CONFIG_PUSH_FAIL found,content =null  

2025-06-25 16:09:01,155 WARN Tps point for CONFIG_PUSH_FAIL registered, But tps control manager is no limit implementation.

2025-06-25 16:09:09,741 INFO No tps control rule of ConfigQuery found,content =null  

2025-06-25 16:09:09,743 WARN Tps point for ConfigQuery registered, But tps control manager is no limit implementation.

2025-06-25 16:09:09,745 INFO No tps control rule of ClusterConfigChangeNotify found,content =null  

2025-06-25 16:09:09,746 WARN Tps point for ClusterConfigChangeNotify registered, But tps control manager is no limit implementation.

2025-06-25 16:09:09,766 INFO No tps control rule of ConfigListen found,content =null  

2025-06-25 16:09:09,767 WARN Tps point for ConfigListen registered, But tps control manager is no limit implementation.

2025-06-25 16:09:09,768 INFO No tps control rule of ConfigRemove found,content =null  

2025-06-25 16:09:09,769 WARN Tps point for ConfigRemove registered, But tps control manager is no limit implementation.

2025-06-25 16:09:09,769 INFO No tps control rule of ConfigPublish found,content =null  

2025-06-25 16:09:09,770 WARN Tps point for ConfigPublish registered, But tps control manager is no limit implementation.

2025-06-25 16:09:09,770 INFO No tps control rule of HealthCheck found,content =null  

2025-06-25 16:09:09,771 WARN Tps point for HealthCheck registered, But tps control manager is no limit implementation.

2025-06-25 16:09:09,772 INFO No tps control rule of RemoteNamingServiceQuery found,content =null  

2025-06-25 16:09:09,775 WARN Tps point for RemoteNamingServiceQuery registered, But tps control manager is no limit implementation.

2025-06-25 16:09:09,776 INFO No tps control rule of RemoteNamingInstanceBatchRegister found,content =null  

2025-06-25 16:09:09,777 WARN Tps point for RemoteNamingInstanceBatchRegister registered, But tps control manager is no limit implementation.

2025-06-25 16:09:09,778 INFO No tps control rule of RemoteNamingInstanceRegisterDeregister found,content =null  

2025-06-25 16:09:09,779 WARN Tps point for RemoteNamingInstanceRegisterDeregister registered, But tps control manager is no limit implementation.

2025-06-25 16:09:09,780 INFO No tps control rule of RemoteNamingServiceListQuery found,content =null  

2025-06-25 16:09:09,781 WARN Tps point for RemoteNamingServiceListQuery registered, But tps control manager is no limit implementation.

2025-06-25 16:09:09,782 INFO No tps control rule of RemoteNamingServiceSubscribeUnSubscribe found,content =null  

2025-06-25 16:09:09,783 WARN Tps point for RemoteNamingServiceSubscribeUnSubscribe registered, But tps control manager is no limit implementation.

2025-06-25 16:09:09,784 WARN Tps point for RemoteNamingInstanceRegisterDeregister registered, But tps control manager is no limit implementation.

2025-06-25 16:09:09,788 INFO No tps control rule of NamingInstanceQuery found,content =null  

2025-06-25 16:09:09,789 WARN Tps point for NamingInstanceQuery registered, But tps control manager is no limit implementation.

2025-06-25 16:09:09,791 INFO No tps control rule of NamingInstanceMetadataUpdate found,content =null  

2025-06-25 16:09:09,792 WARN Tps point for NamingInstanceMetadataUpdate registered, But tps control manager is no limit implementation.

2025-06-25 16:09:09,794 INFO No tps control rule of NamingServiceSubscribe found,content =null  

2025-06-25 16:09:09,794 WARN Tps point for NamingServiceSubscribe registered, But tps control manager is no limit implementation.

2025-06-25 16:09:09,796 INFO No tps control rule of NamingServiceRegister found,content =null  

2025-06-25 16:09:09,796 WARN Tps point for NamingServiceRegister registered, But tps control manager is no limit implementation.

2025-06-25 16:09:09,798 INFO No tps control rule of NamingServiceUpdate found,content =null  

2025-06-25 16:09:09,799 WARN Tps point for NamingServiceUpdate registered, But tps control manager is no limit implementation.

2025-06-25 16:09:09,799 WARN Tps point for NamingInstanceMetadataUpdate registered, But tps control manager is no limit implementation.

2025-06-25 16:09:09,800 WARN Tps point for NamingInstanceMetadataUpdate registered, But tps control manager is no limit implementation.

2025-06-25 16:09:09,800 INFO No tps control rule of NamingServiceListQuery found,content =null  

2025-06-25 16:09:09,800 WARN Tps point for NamingServiceListQuery registered, But tps control manager is no limit implementation.

2025-06-25 16:09:09,801 INFO No tps control rule of NamingServiceQuery found,content =null  

2025-06-25 16:09:09,801 WARN Tps point for NamingServiceQuery registered, But tps control manager is no limit implementation.

2025-06-25 16:09:09,802 INFO No tps control rule of NamingInstanceDeregister found,content =null  

2025-06-25 16:09:09,807 WARN Tps point for NamingInstanceDeregister registered, But tps control manager is no limit implementation.

2025-06-25 16:09:09,807 WARN Tps point for NamingServiceRegister registered, But tps control manager is no limit implementation.

2025-06-25 16:09:09,808 WARN Tps point for NamingInstanceMetadataUpdate registered, But tps control manager is no limit implementation.

2025-06-25 16:09:09,809 INFO No tps control rule of NamingServiceDeregister found,content =null  

2025-06-25 16:09:09,809 WARN Tps point for NamingServiceDeregister registered, But tps control manager is no limit implementation.

2025-06-25 16:09:09,810 WARN Tps point for NamingServiceSubscribe registered, But tps control manager is no limit implementation.

2025-06-25 16:09:09,811 INFO No tps control rule of HttpHealthCheck found,content =null  

2025-06-25 16:09:09,811 WARN Tps point for HttpHealthCheck registered, But tps control manager is no limit implementation.

2025-06-25 16:09:09,812 WARN Tps point for NamingServiceQuery registered, But tps control manager is no limit implementation.

2025-06-25 16:09:09,813 WARN Tps point for ConfigPublish registered, But tps control manager is no limit implementation.

2025-06-25 16:09:09,814 INFO No tps control rule of NamingInstanceRegister found,content =null  

2025-06-25 16:09:09,814 WARN Tps point for NamingInstanceRegister registered, But tps control manager is no limit implementation.

2025-06-25 16:09:09,815 INFO No tps control rule of NamingInstanceUpdate found,content =null  

2025-06-25 16:09:09,817 WARN Tps point for NamingInstanceUpdate registered, But tps control manager is no limit implementation.

2025-06-25 16:09:09,818 WARN Tps point for NamingInstanceDeregister registered, But tps control manager is no limit implementation.

2025-06-25 16:09:09,820 WARN Tps point for NamingInstanceRegister registered, But tps control manager is no limit implementation.

2025-06-25 16:09:09,820 WARN Tps point for ConfigQuery registered, But tps control manager is no limit implementation.

2025-06-25 16:09:09,821 WARN Tps point for NamingInstanceUpdate registered, But tps control manager is no limit implementation.

2025-06-25 16:09:09,821 WARN Tps point for NamingServiceDeregister registered, But tps control manager is no limit implementation.

2025-06-25 16:09:09,821 WARN Tps point for NamingServiceUpdate registered, But tps control manager is no limit implementation.

2025-06-25 16:09:09,822 WARN Tps point for NamingServiceListQuery registered, But tps control manager is no limit implementation.

2025-06-25 16:09:09,823 WARN Tps point for HttpHealthCheck registered, But tps control manager is no limit implementation.

2025-06-25 16:09:09,823 WARN Tps point for NamingInstanceQuery registered, But tps control manager is no limit implementation.

2025-06-25 16:13:43,484 INFO No tps control rule of NAMING_RPC_PUSH found,content =null  

2025-06-25 16:13:43,485 WARN Tps point for NAMING_RPC_PUSH registered, But tps control manager is no limit implementation.

2025-06-25 16:13:43,486 INFO No tps control rule of NAMING_RPC_PUSH_SUCCESS found,content =null  

2025-06-25 16:13:43,486 WARN Tps point for NAMING_RPC_PUSH_SUCCESS registered, But tps control manager is no limit implementation.

2025-06-25 16:13:43,487 INFO No tps control rule of NAMING_RPC_PUSH_FAIL found,content =null  

2025-06-25 16:13:43,487 WARN Tps point for NAMING_RPC_PUSH_FAIL registered, But tps control manager is no limit implementation.

2025-06-25 16:13:43,488 INFO No tps control rule of NAMING_UDP_PUSH found,content =null  

2025-06-25 16:13:43,488 WARN Tps point for NAMING_UDP_PUSH registered, But tps control manager is no limit implementation.

2025-06-25 16:13:43,490 INFO No tps control rule of NAMING_UDP_PUSH_SUCCESS found,content =null  

2025-06-25 16:13:43,490 WARN Tps point for NAMING_UDP_PUSH_SUCCESS registered, But tps control manager is no limit implementation.

2025-06-25 16:13:43,491 INFO No tps control rule of NAMING_UDP_PUSH_FAIL found,content =null  

2025-06-25 16:13:43,491 WARN Tps point for NAMING_UDP_PUSH_FAIL registered, But tps control manager is no limit implementation.

2025-06-25 16:13:43,492 INFO No tps control rule of NAMING_DISTRO_SYNC found,content =null  

2025-06-25 16:13:43,492 WARN Tps point for NAMING_DISTRO_SYNC registered, But tps control manager is no limit implementation.

2025-06-25 16:13:43,493 INFO No tps control rule of NAMING_DISTRO_SYNC_SUCCESS found,content =null  

2025-06-25 16:13:43,493 WARN Tps point for NAMING_DISTRO_SYNC_SUCCESS registered, But tps control manager is no limit implementation.

2025-06-25 16:13:43,494 INFO No tps control rule of NAMING_DISTRO_SYNC_FAIL found,content =null  

2025-06-25 16:13:43,495 WARN Tps point for NAMING_DISTRO_SYNC_FAIL registered, But tps control manager is no limit implementation.

2025-06-25 16:13:43,496 INFO No tps control rule of NAMING_DISTRO_VERIFY found,content =null  

2025-06-25 16:13:43,497 WARN Tps point for NAMING_DISTRO_VERIFY registered, But tps control manager is no limit implementation.

2025-06-25 16:13:43,498 INFO No tps control rule of NAMING_DISTRO_VERIFY_SUCCESS found,content =null  

2025-06-25 16:13:43,498 WARN Tps point for NAMING_DISTRO_VERIFY_SUCCESS registered, But tps control manager is no limit implementation.

2025-06-25 16:13:43,499 INFO No tps control rule of NAMING_DISTRO_VERIFY_FAIL found,content =null  

2025-06-25 16:13:43,500 WARN Tps point for NAMING_DISTRO_VERIFY_FAIL registered, But tps control manager is no limit implementation.

